0 info it worked if it ends with ok
1 verbose cli [ '/home/travis/.nvm/versions/node/v5.4.1/bin/node',
1 verbose cli   '/home/travis/.nvm/versions/node/v5.4.1/bin/npm',
1 verbose cli   'run',
1 verbose cli   'test' ]
2 info using npm@3.3.12
3 info using node@v5.4.1
4 verbose run-script [ 'pretest', 'test', 'posttest' ]
5 info lifecycle coveralls-demo@0.0.0~pretest: coveralls-demo@0.0.0
6 silly lifecycle coveralls-demo@0.0.0~pretest: no script for pretest, continuing
7 info lifecycle coveralls-demo@0.0.0~test: coveralls-demo@0.0.0
8 verbose lifecycle coveralls-demo@0.0.0~test: unsafe-perm in lifecycle true
9 verbose lifecycle coveralls-demo@0.0.0~test: PATH: /home/travis/.nvm/versions/node/v5.4.1/lib/node_modules/npm/bin/node-gyp-bin:/home/travis/Development/coveralls-demo/node_modules/.bin:/home/travis/.nvm/versions/node/v5.4.1/bin:/home/travis/bin:/usr/local/bin:/usr/local/sbin:/usr/local/bin:/usr/sbin:/usr/bin:/sbin:/bin:/usr/games:/usr/local/games:/home/travis/.rvm/bin
10 verbose lifecycle coveralls-demo@0.0.0~test: CWD: /home/travis/Development/coveralls-demo
11 silly lifecycle coveralls-demo@0.0.0~test: Args: [ '-c',
11 silly lifecycle   './node_modules/istanbul/lib/cli.js cover ./node_modules/mocha/bin/_mocha --report lcovonly -- -R spec && cat ./coverage/lcov.info | ./node_modules/coveralls/bin/coveralls.js && rm -rf ./coverage' ]
12 silly lifecycle coveralls-demo@0.0.0~test: Returned: code: 1  signal: null
13 info lifecycle coveralls-demo@0.0.0~test: Failed to exec test script
14 verbose stack Error: coveralls-demo@0.0.0 test: `./node_modules/istanbul/lib/cli.js cover ./node_modules/mocha/bin/_mocha --report lcovonly -- -R spec && cat ./coverage/lcov.info | ./node_modules/coveralls/bin/coveralls.js && rm -rf ./coverage`
14 verbose stack Exit status 1
14 verbose stack     at EventEmitter.<anonymous> (/home/travis/.nvm/versions/node/v5.4.1/lib/node_modules/npm/lib/utils/lifecycle.js:232:16)
14 verbose stack     at emitTwo (events.js:87:13)
14 verbose stack     at EventEmitter.emit (events.js:172:7)
14 verbose stack     at ChildProcess.<anonymous> (/home/travis/.nvm/versions/node/v5.4.1/lib/node_modules/npm/lib/utils/spawn.js:24:14)
14 verbose stack     at emitTwo (events.js:87:13)
14 verbose stack     at ChildProcess.emit (events.js:172:7)
14 verbose stack     at maybeClose (internal/child_process.js:821:16)
14 verbose stack     at Process.ChildProcess._handle.onexit (internal/child_process.js:211:5)
15 verbose pkgid coveralls-demo@0.0.0
16 verbose cwd /home/travis/Development/coveralls-demo
17 error Linux 3.13.0-63-generic
18 error argv "/home/travis/.nvm/versions/node/v5.4.1/bin/node" "/home/travis/.nvm/versions/node/v5.4.1/bin/npm" "run" "test"
19 error node v5.4.1
20 error npm  v3.3.12
21 error code ELIFECYCLE
22 error coveralls-demo@0.0.0 test: `./node_modules/istanbul/lib/cli.js cover ./node_modules/mocha/bin/_mocha --report lcovonly -- -R spec && cat ./coverage/lcov.info | ./node_modules/coveralls/bin/coveralls.js && rm -rf ./coverage`
22 error Exit status 1
23 error Failed at the coveralls-demo@0.0.0 test script './node_modules/istanbul/lib/cli.js cover ./node_modules/mocha/bin/_mocha --report lcovonly -- -R spec && cat ./coverage/lcov.info | ./node_modules/coveralls/bin/coveralls.js && rm -rf ./coverage'.
23 error Make sure you have the latest version of node.js and npm installed.
23 error If you do, this is most likely a problem with the coveralls-demo package,
23 error not with npm itself.
23 error Tell the author that this fails on your system:
23 error     ./node_modules/istanbul/lib/cli.js cover ./node_modules/mocha/bin/_mocha --report lcovonly -- -R spec && cat ./coverage/lcov.info | ./node_modules/coveralls/bin/coveralls.js && rm -rf ./coverage
23 error You can get their info via:
23 error     npm owner ls coveralls-demo
23 error There is likely additional logging output above.
24 verbose exit [ 1, true ]
